[INFO] Scanning for projects...
[INFO] 
[INFO] -------------------< com.example:library-management >-------------------
[INFO] Building library-management 0.0.1-SNAPSHOT
[INFO]   from pom.xml
[INFO] --------------------------------[ jar ]---------------------------------
[INFO] 
[INFO] >>> spring-boot:3.4.3:run (default-cli) > test-compile @ library-management >>>
[INFO] 
[INFO] --- resources:3.3.1:resources (default-resources) @ library-management ---
[INFO] Copying 2 resources from src\main\resources to target\classes
[INFO] Copying 0 resource from src\main\resources to target\classes
[INFO] 
[INFO] --- compiler:3.13.0:compile (default-compile) @ library-management ---
[INFO] Recompiling the module because of changed source code.
[INFO] Compiling 168 source files with javac [debug parameters release 17] to target\classes
[WARNING] /E:/001-a-kese/1/backend-library/src/main/java/com/example/library/dto/BorrowingResultDto.java:[18,26] @Builder will ignore the initializing expression entirely. If you want the initializing expression to serve as default, add @Builder.Default. If it is not supposed to be settable during building, make the field final.
[WARNING] /E:/001-a-kese/1/backend-library/src/main/java/com/example/library/dto/book/BookCopyCreateDto.java:[24,33] @Builder will ignore the initializing expression entirely. If you want the initializing expression to serve as default, add @Builder.Default. If it is not supposed to be settable during building, make the field final.
[WARNING] /E:/001-a-kese/1/backend-library/src/main/java/com/example/library/exception/ApiResponse.java:[19,26] @Builder will ignore the initializing expression entirely. If you want the initializing expression to serve as default, add @Builder.Default. If it is not supposed to be settable during building, make the field final.
[INFO] /E:/001-a-kese/1/backend-library/src/main/java/com/example/library/security/AuthTokenFilter.java: E:\001-a-kese\1\backend-library\src\main\java\com\example\library\security\AuthTokenFilter.java使用了未经检查或不安全的操作。
[INFO] /E:/001-a-kese/1/backend-library/src/main/java/com/example/library/security/AuthTokenFilter.java: 有关详细信息, 请使用 -Xlint:unchecked 重新编译。
[INFO] 
[INFO] --- resources:3.3.1:testResources (default-testResources) @ library-management ---
[INFO] skip non existing resourceDirectory E:\001-a-kese\1\backend-library\src\test\resources
[INFO] 
[INFO] --- compiler:3.13.0:testCompile (default-testCompile) @ library-management ---
[INFO] Recompiling the module because of changed dependency.
[INFO] Compiling 31 source files with javac [debug parameters release 17] to target\test-classes
[INFO] -------------------------------------------------------------
[ERROR] COMPILATION ERROR : 
[INFO] -------------------------------------------------------------
[ERROR] /E:/001-a-kese/1/backend-library/src/test/java/com/example/library/controller/LoanControllerTest.java:[119,25] 无法将接口 com.example.library.service.LoanService中的方法 getAllLoans应用到给定类型;
  需要: int,int,java.lang.String,java.lang.String,java.lang.String
  找到:    int,int,java.lang.String,java.lang.String
  原因: 实际参数列表和形式参数列表长度不同
[ERROR] /E:/001-a-kese/1/backend-library/src/test/java/com/example/library/controller/LoanControllerTest.java:[129,28] 无法将接口 com.example.library.service.LoanService中的方法 getAllLoans应用到给定类型;
  需要: int,int,java.lang.String,java.lang.String,java.lang.String
  找到:    int,int,java.lang.String,java.lang.String
  原因: 实际参数列表和形式参数列表长度不同
[ERROR] /E:/001-a-kese/1/backend-library/src/test/java/com/example/library/controller/LoanControllerTest.java:[138,37] 无法将接口 com.example.library.service.LoanService中的方法 getAllLoans应用到给定类型;
  需要: int,int,java.lang.String,java.lang.String,java.lang.String
  找到:    int,int,java.lang.String,java.lang.String
  原因: 实际参数列表和形式参数列表长度不同
[INFO] 3 errors 
[INFO] -------------------------------------------------------------
[INFO] ------------------------------------------------------------------------
[INFO] BUILD FAILURE
[INFO] ------------------------------------------------------------------------
[INFO] Total time:  16.884 s
[INFO] Finished at: 2026-03-04T01:00:18+08:00
[INFO] ------------------------------------------------------------------------
[ERROR] Failed to execute goal org.apache.maven.plugins:maven-compiler-plugin:3.13.0:testCompile (default-testCompile) on project library-management: Compilation failure: Compilation failure: 
[ERROR] /E:/001-a-kese/1/backend-library/src/test/java/com/example/library/controller/LoanControllerTest.java:[119,25] 无法将接口 com.example.library.service.LoanService中的方法 getAllLoans应用到给定类型;
[ERROR]   需要: int,int,java.lang.String,java.lang.String,java.lang.String
[ERROR]   找到:    int,int,java.lang.String,java.lang.String
[ERROR]   原因: 实际参数列表和形式参数列表长度不同
[ERROR] /E:/001-a-kese/1/backend-library/src/test/java/com/example/library/controller/LoanControllerTest.java:[129,28] 无法将接口 com.example.library.service.LoanService中的方法 getAllLoans应用到给定类型;
[ERROR]   需要: int,int,java.lang.String,java.lang.String,java.lang.String
[ERROR]   找到:    int,int,java.lang.String,java.lang.String
[ERROR]   原因: 实际参数列表和形式参数列表长度不同
[ERROR] /E:/001-a-kese/1/backend-library/src/test/java/com/example/library/controller/LoanControllerTest.java:[138,37] 无法将接口 com.example.library.service.LoanService中的方法 getAllLoans应用到给定类型;
[ERROR]   需要: int,int,java.lang.String,java.lang.String,java.lang.String
[ERROR]   找到:    int,int,java.lang.String,java.lang.String
[ERROR]   原因: 实际参数列表和形式参数列表长度不同
[ERROR] -> [Help 1]
[ERROR] 
[ERROR] To see the full stack trace of the errors, re-run Maven with the -e switch.
[ERROR] Re-run Maven using the -X switch to enable full debug logging.
[ERROR] 
[ERROR] For more information about the errors and possible solutions, please read the following articles:
[ERROR] [Help 1] http://cwiki.apache.org/confluence/display/MAVEN/MojoFailureException
